mode: set
reqcorder/internal/record/log_types.go:6.45,7.14 1 1
reqcorder/internal/record/log_types.go:7.14,9.3 1 1
reqcorder/internal/record/log_types.go:10.2,15.3 1 1
reqcorder/internal/record/log_types.go:19.41,27.2 1 1
reqcorder/internal/record/record.go:21.38,25.16 4 1
reqcorder/internal/record/record.go:25.16,28.3 2 0
reqcorder/internal/record/record.go:29.2,34.16 6 1
reqcorder/internal/record/record.go:34.16,37.3 2 0
reqcorder/internal/record/record.go:38.2,40.15 3 1
reqcorder/internal/record/record.go:40.15,41.44 1 1
reqcorder/internal/record/record.go:41.44,43.4 1 1
reqcorder/internal/record/record.go:45.2,45.15 1 1
reqcorder/internal/record/record.go:45.15,46.43 1 1
reqcorder/internal/record/record.go:46.43,48.4 1 0
reqcorder/internal/record/record.go:50.2,50.15 1 1
reqcorder/internal/record/record.go:50.15,51.44 1 1
reqcorder/internal/record/record.go:51.44,53.4 1 0
reqcorder/internal/record/record.go:55.2,57.27 3 1
reqcorder/internal/record/record.go:57.27,59.3 1 1
reqcorder/internal/record/record.go:60.2,60.12 1 1
reqcorder/internal/record/record.go:64.43,69.16 5 1
reqcorder/internal/record/record.go:69.16,72.3 2 1
reqcorder/internal/record/record.go:73.2,74.12 2 1
reqcorder/internal/record/record.go:78.77,81.16 3 1
reqcorder/internal/record/record.go:81.16,83.3 1 1
reqcorder/internal/record/record.go:84.2,84.19 1 1
reqcorder/internal/record/record.go:84.19,86.3 1 1
reqcorder/internal/record/record.go:87.2,88.16 2 1
reqcorder/internal/record/record.go:88.16,90.3 1 1
reqcorder/internal/record/record.go:91.2,92.33 2 1
reqcorder/internal/record/record.go:92.33,93.71 1 1
reqcorder/internal/record/record.go:93.71,97.18 4 1
reqcorder/internal/record/record.go:97.18,99.5 1 0
reqcorder/internal/record/record.go:100.4,105.6 1 1
reqcorder/internal/record/record.go:108.2,109.22 2 1
reqcorder/internal/record/record.go:113.78,116.16 3 1
reqcorder/internal/record/record.go:116.16,118.3 1 1
reqcorder/internal/record/record.go:119.2,119.19 1 1
reqcorder/internal/record/record.go:119.19,121.3 1 1
reqcorder/internal/record/record.go:122.2,123.16 2 1
reqcorder/internal/record/record.go:123.16,125.3 1 1
reqcorder/internal/record/record.go:126.2,127.35 2 1
reqcorder/internal/record/record.go:127.35,128.69 1 1
reqcorder/internal/record/record.go:128.69,132.18 4 1
reqcorder/internal/record/record.go:132.18,134.5 1 0
reqcorder/internal/record/record.go:135.4,135.21 1 1
reqcorder/internal/record/record.go:135.21,137.5 1 1
reqcorder/internal/record/record.go:138.4,139.18 2 1
reqcorder/internal/record/record.go:139.18,141.5 1 1
reqcorder/internal/record/record.go:142.4,142.31 1 1
reqcorder/internal/record/record.go:142.31,143.65 1 1
reqcorder/internal/record/record.go:143.65,147.20 4 1
reqcorder/internal/record/record.go:147.20,149.7 1 0
reqcorder/internal/record/record.go:150.6,156.8 1 1
reqcorder/internal/record/record.go:161.2,162.22 2 1
reqcorder/internal/record/record.go:166.47,170.16 3 1
reqcorder/internal/record/record.go:170.16,172.3 1 1
reqcorder/internal/record/record.go:173.2,173.19 1 1
reqcorder/internal/record/record.go:173.19,175.3 1 1
reqcorder/internal/record/record.go:177.2,178.16 2 1
reqcorder/internal/record/record.go:178.16,180.3 1 1
reqcorder/internal/record/record.go:182.2,182.41 1 1
reqcorder/internal/record/record.go:182.41,183.25 1 1
reqcorder/internal/record/record.go:183.25,185.51 2 1
reqcorder/internal/record/record.go:185.51,188.19 3 1
reqcorder/internal/record/record.go:188.19,191.6 2 1
reqcorder/internal/record/record.go:192.5,196.15 5 1
reqcorder/internal/record/record.go:201.2,201.79 1 1
reqcorder/internal/record/record.go:205.48,209.16 3 1
reqcorder/internal/record/record.go:209.16,211.3 1 1
reqcorder/internal/record/record.go:212.2,212.19 1 1
reqcorder/internal/record/record.go:212.19,214.3 1 1
reqcorder/internal/record/record.go:216.2,217.16 2 1
reqcorder/internal/record/record.go:217.16,219.3 1 1
reqcorder/internal/record/record.go:221.2,221.43 1 1
reqcorder/internal/record/record.go:221.43,222.26 1 1
reqcorder/internal/record/record.go:222.26,225.50 2 1
reqcorder/internal/record/record.go:225.50,228.19 3 1
reqcorder/internal/record/record.go:228.19,231.6 2 1
reqcorder/internal/record/record.go:232.5,235.15 4 1
reqcorder/internal/record/record.go:239.2,239.79 1 1
reqcorder/internal/record/record.go:243.49,246.16 3 1
reqcorder/internal/record/record.go:246.16,248.3 1 1
reqcorder/internal/record/record.go:249.2,249.19 1 1
reqcorder/internal/record/record.go:249.19,251.3 1 1
reqcorder/internal/record/record.go:252.2,253.49 2 1
reqcorder/internal/record/record.go:253.49,255.17 2 1
reqcorder/internal/record/record.go:255.17,258.4 2 1
reqcorder/internal/record/record.go:259.3,260.13 2 1
reqcorder/internal/record/record.go:262.2,262.81 1 1
reqcorder/internal/record/record.go:266.64,270.16 4 1
reqcorder/internal/record/record.go:270.16,272.3 1 1
reqcorder/internal/record/record.go:273.2,273.41 1 1
reqcorder/internal/record/record.go:273.41,274.25 1 1
reqcorder/internal/record/record.go:274.25,277.18 3 1
reqcorder/internal/record/record.go:277.18,279.5 1 1
reqcorder/internal/record/record.go:281.4,281.47 1 1
reqcorder/internal/record/record.go:281.47,282.81 1 1
reqcorder/internal/record/record.go:282.81,287.20 4 1
reqcorder/internal/record/record.go:287.20,289.7 1 1
reqcorder/internal/record/record.go:290.6,295.8 1 1
reqcorder/internal/record/record.go:300.2,301.22 2 1
reqcorder/internal/record/record.go:305.63,309.16 4 1
reqcorder/internal/record/record.go:309.16,311.3 1 1
reqcorder/internal/record/record.go:312.2,312.43 1 1
reqcorder/internal/record/record.go:312.43,313.26 1 1
reqcorder/internal/record/record.go:313.26,316.18 3 1
reqcorder/internal/record/record.go:316.18,318.5 1 1
reqcorder/internal/record/record.go:319.4,319.47 1 1
reqcorder/internal/record/record.go:319.47,320.81 1 1
reqcorder/internal/record/record.go:320.81,324.20 4 1
reqcorder/internal/record/record.go:324.20,326.7 1 1
reqcorder/internal/record/record.go:327.6,332.8 1 1
reqcorder/internal/record/record.go:337.2,338.22 2 1
reqcorder/internal/record/record.go:342.64,346.16 4 1
reqcorder/internal/record/record.go:346.16,348.3 1 1
reqcorder/internal/record/record.go:349.2,349.45 1 1
reqcorder/internal/record/record.go:349.45,350.79 1 1
reqcorder/internal/record/record.go:350.79,354.18 4 1
reqcorder/internal/record/record.go:354.18,356.5 1 1
reqcorder/internal/record/record.go:357.4,361.6 1 1
reqcorder/internal/record/record.go:364.2,365.22 2 1
reqcorder/internal/record/record.go:369.51,373.2 3 1
reqcorder/internal/record/record.go:376.47,377.40 1 1
reqcorder/internal/record/record.go:377.40,379.3 1 1
reqcorder/internal/record/record.go:383.46,385.53 2 1
reqcorder/internal/record/record.go:385.53,388.3 2 1
reqcorder/internal/record/record.go:389.2,390.73 2 1
reqcorder/internal/record/record.go:390.73,392.3 1 1
reqcorder/internal/record/record.go:393.2,393.12 1 1
reqcorder/internal/record/record.go:397.45,399.52 2 1
reqcorder/internal/record/record.go:399.52,402.3 2 1
reqcorder/internal/record/record.go:403.2,404.71 2 1
reqcorder/internal/record/record.go:404.71,406.3 1 1
reqcorder/internal/record/record.go:407.2,407.12 1 1
reqcorder/internal/record/record.go:411.46,413.53 2 1
reqcorder/internal/record/record.go:413.53,416.3 2 1
reqcorder/internal/record/record.go:417.2,420.73 4 1
reqcorder/internal/record/record.go:420.73,422.3 1 1
reqcorder/internal/record/record.go:423.2,423.12 1 1
