mode: set
reqcorder/internal/request/log_types.go:8.47,9.14 1 1
reqcorder/internal/request/log_types.go:9.14,11.3 1 1
reqcorder/internal/request/log_types.go:12.2,13.36 2 1
reqcorder/internal/request/log_types.go:13.36,15.3 1 1
reqcorder/internal/request/log_types.go:16.2,17.36 2 1
reqcorder/internal/request/log_types.go:17.36,19.3 1 1
reqcorder/internal/request/log_types.go:20.2,21.37 2 1
reqcorder/internal/request/log_types.go:21.37,23.3 1 1
reqcorder/internal/request/log_types.go:24.2,49.3 1 1
reqcorder/internal/request/request.go:16.42,19.16 3 1
reqcorder/internal/request/request.go:19.16,22.3 2 1
reqcorder/internal/request/request.go:23.2,32.12 10 1
reqcorder/internal/request/request.go:36.47,49.16 5 1
reqcorder/internal/request/request.go:49.16,51.3 1 1
reqcorder/internal/request/request.go:52.2,53.55 2 1
reqcorder/internal/request/request.go:53.55,55.3 1 1
reqcorder/internal/request/request.go:56.2,57.26 2 1
reqcorder/internal/request/request.go:57.26,59.3 1 1
reqcorder/internal/request/request.go:59.8,62.3 2 1
reqcorder/internal/request/request.go:63.2,63.23 1 1
reqcorder/internal/request/request.go:63.23,65.3 1 1
reqcorder/internal/request/request.go:66.2,67.24 2 1
reqcorder/internal/request/request.go:67.24,69.3 1 1
reqcorder/internal/request/request.go:70.2,71.12 2 1
reqcorder/internal/request/request.go:75.43,76.18 1 1
reqcorder/internal/request/request.go:76.18,79.3 2 1
reqcorder/internal/request/request.go:80.2,82.37 3 1
reqcorder/internal/request/request.go:82.37,86.3 3 1
reqcorder/internal/request/request.go:87.2,88.78 2 1
reqcorder/internal/request/request.go:92.42,96.23 4 1
reqcorder/internal/request/request.go:96.23,99.3 2 1
reqcorder/internal/request/request.go:100.2,100.32 1 1
reqcorder/internal/request/request.go:100.32,101.21 1 1
reqcorder/internal/request/request.go:101.21,104.4 2 1
reqcorder/internal/request/request.go:106.2,106.75 1 1
reqcorder/internal/request/request.go:106.75,111.3 4 1
reqcorder/internal/request/request.go:112.2,112.84 1 1
reqcorder/internal/request/request.go:116.39,118.18 2 1
reqcorder/internal/request/request.go:118.18,121.3 2 1
reqcorder/internal/request/request.go:122.2,122.125 1 1
reqcorder/internal/request/request.go:122.125,125.3 2 1
reqcorder/internal/request/request.go:126.2,126.122 1 1
reqcorder/internal/request/request.go:126.122,129.3 2 1
reqcorder/internal/request/request.go:130.2,130.72 1 1
reqcorder/internal/request/request.go:134.48,136.24 2 1
reqcorder/internal/request/request.go:136.24,140.3 3 1
reqcorder/internal/request/request.go:141.2,141.25 1 1
reqcorder/internal/request/request.go:141.25,144.3 2 1
reqcorder/internal/request/request.go:145.2,146.16 2 1
reqcorder/internal/request/request.go:146.16,148.3 1 1
reqcorder/internal/request/request.go:149.2,150.37 2 1
reqcorder/internal/request/request.go:150.37,159.3 3 1
reqcorder/internal/request/request.go:160.2,162.12 3 1
